--- Copying files at Mon Jul 15 05:19:28 UTC 2019
INSTALLED init.groovy.d/security.groovy
INSTALLED plugins/workflow-cps-global-lib.jpi : 2.13
INSTALLED plugins/blueocean-web.jpi : 1.17.0
INSTALLED plugins/credentials.jpi : 2.2.0
INSTALLED plugins/ghprb.jpi : 1.42.0
INSTALLED plugins/blueocean-dashboard.jpi : 1.17.0
INSTALLED plugins/blueocean-pipeline-editor.jpi : 1.17.0
INSTALLED plugins/command-launcher.jpi : 1.3
INSTALLED plugins/blueocean-display-url.jpi : 2.3.0
INSTALLED plugins/credentials-binding.jpi : 1.19
INSTALLED plugins/gravatar.jpi : 2.1
INSTALLED plugins/pipeline-build-step.jpi : 2.9
INSTALLED plugins/blueocean-git-pipeline.jpi : 1.17.0
INSTALLED plugins/sse-gateway.jpi : 1.18
INSTALLED plugins/kubernetes-cli.jpi : 1.6.0
INSTALLED plugins/workflow-job.jpi : 2.33
INSTALLED plugins/oauth-credentials.jpi : 0.3
INSTALLED plugins/jenkins-design-language.jpi : 1.17.0
INSTALLED plugins/workflow-durable-task-step.jpi : 2.32
INSTALLED plugins/htmlpublisher.jpi : 1.18
INSTALLED plugins/github-organization-folder.jpi : 1.6
INSTALLED plugins/pipeline-rest-api.jpi : 2.11
INSTALLED plugins/gradle.jpi : 1.33
INSTALLED plugins/subversion.jpi : 2.12.1
INSTALLED plugins/openshift-login.jpi : 1.0.19
INSTALLED plugins/ssh-agent.jpi : 1.17
INSTALLED plugins/pipeline-graph-analysis.jpi : 1.10
INSTALLED plugins/kerberos-sso.jpi : 1.5
INSTALLED plugins/gitlab-merge-request-jenkins.jpi : 2.0.0
INSTALLED plugins/github-pr-coverage-status.jpi : 2.0.0
INSTALLED plugins/git.jpi : 3.10.1
INSTALLED plugins/ssh-credentials.jpi : 1.17
INSTALLED plugins/cloudbees-bitbucket-branch-source.jpi : 2.4.5
INSTALLED plugins/metrics.jpi : 4.0.2.5
INSTALLED plugins/github-issues.jpi : 1.2.4
INSTALLED plugins/rebuild.jpi : 1.31
INSTALLED plugins/icon-shim.jpi : 2.0.3
INSTALLED plugins/blueocean-personalization.jpi : 1.17.0
INSTALLED plugins/pipeline-githubnotify-step.jpi : 1.0.4
INSTALLED plugins/plain-credentials.jpi : 1.5
INSTALLED plugins/structs.jpi : 1.19
INSTALLED plugins/ssh-slaves.jpi : 1.30.0
INSTALLED plugins/pipeline-input-step.jpi : 2.10
INSTALLED plugins/handlebars.jpi : 1.1.1
INSTALLED plugins/openid.jpi : 2.3
INSTALLED plugins/pipeline-model-api.jpi : 1.3.9
INSTALLED plugins/pipeline-utility-steps.jpi : 2.3.0
INSTALLED plugins/blueocean-pipeline-scm-api.jpi : 1.17.0
INSTALLED plugins/display-url-api.jpi : 2.3.1
INSTALLED plugins/blueocean-i18n.jpi : 1.17.0
INSTALLED plugins/pipeline-milestone-step.jpi : 1.3.1
INSTALLED plugins/openid4java.jpi : 0.9.8.0
INSTALLED plugins/blueocean-commons.jpi : 1.17.0
INSTALLED plugins/bouncycastle-api.jpi : 2.17
INSTALLED plugins/pipeline-stage-view.jpi : 2.11
INSTALLED plugins/blueocean-core-js.jpi : 1.17.0
INSTALLED plugins/kubernetes-credentials.jpi : 0.4.0
INSTALLED plugins/blueocean-autofavorite.jpi : 1.2.4
INSTALLED plugins/github-branch-source.jpi : 2.5.3
INSTALLED plugins/branch-api.jpi : 2.5.3
INSTALLED plugins/scm-api.jpi : 2.5.1
INSTALLED plugins/git-client.jpi : 2.8.0
INSTALLED plugins/apache-httpcomponents-client-4-api.jpi : 4.5.5-3.0
INSTALLED plugins/authentication-tokens.jpi : 1.3
INSTALLED plugins/pipeline-model-definition.jpi : 1.3.9
INSTALLED plugins/github-oauth.jpi : 0.32
INSTALLED plugins/durable-task.jpi : 1.30
INSTALLED plugins/pipeline-stage-step.jpi : 2.3
INSTALLED plugins/workflow-aggregator.jpi : 2.6
INSTALLED plugins/jira.jpi : 3.0.8
INSTALLED plugins/cloudbees-folder.jpi : 6.9
INSTALLED plugins/docker-commons.jpi : 1.15
INSTALLED plugins/github-pullrequest.jpi : 0.2.5
INSTALLED plugins/token-macro.jpi : 2.8
INSTALLED plugins/git-changelog.jpi : 2.17
INSTALLED plugins/momentjs.jpi : 1.1.1
INSTALLED plugins/blueocean-bitbucket-pipeline.jpi : 1.17.0
INSTALLED plugins/mercurial.jpi : 2.6
INSTALLED plugins/favorite.jpi : 2.3.2
INSTALLED plugins/maven-plugin.jpi : 3.3
INSTALLED plugins/blueocean-jwt.jpi : 1.17.0
INSTALLED plugins/pipeline-model-declarative-agent.jpi : 1.1.1
INSTALLED plugins/workflow-cps.jpi : 2.71
INSTALLED plugins/script-security.jpi : 1.61
INSTALLED plugins/google-login.jpi : 1.4
INSTALLED plugins/pipeline-stage-tags-metadata.jpi : 1.3.9
INSTALLED plugins/jsch.jpi : 0.1.55
INSTALLED plugins/junit.jpi : 1.28
INSTALLED plugins/jquery-detached.jpi : 1.2.1
INSTALLED plugins/blueocean-config.jpi : 1.17.0
INSTALLED plugins/workflow-api.jpi : 2.35
INSTALLED plugins/mapdb-api.jpi : 1.0.9.0
INSTALLED plugins/ldap.jpi : 1.20
INSTALLED plugins/blueocean-pipeline-api-impl.jpi : 1.17.0
INSTALLED plugins/ace-editor.jpi : 1.1
INSTALLED plugins/ws-cleanup.jpi : 0.37
INSTALLED plugins/workflow-basic-steps.jpi : 2.18
INSTALLED plugins/workflow-support.jpi : 3.3
INSTALLED plugins/pipeline-model-extensions.jpi : 1.3.9
INSTALLED plugins/mailer.jpi : 1.23
INSTALLED plugins/git-server.jpi : 1.7
INSTALLED plugins/handy-uri-templates-2-api.jpi : 2.1.7-1.0
INSTALLED plugins/variant.jpi : 1.2
INSTALLED plugins/blueocean-rest.jpi : 1.17.0
INSTALLED plugins/workflow-scm-step.jpi : 2.9
INSTALLED plugins/pubsub-light.jpi : 1.12
INSTALLED plugins/blueocean-jira.jpi : 1.17.0
INSTALLED plugins/blueocean-github-pipeline.jpi : 1.17.0
INSTALLED plugins/build-timeout.jpi : 1.19
INSTALLED plugins/timestamper.jpi : 1.10
INSTALLED plugins/blueocean-rest-impl.jpi : 1.17.0
INSTALLED plugins/gitlab-plugin.jpi : 1.5.12
INSTALLED plugins/jackson2-api.jpi : 2.9.9.1
INSTALLED plugins/github.jpi : 1.29.4
INSTALLED plugins/lockable-resources.jpi : 2.5
INSTALLED plugins/github-api.jpi : 1.95
INSTALLED plugins/pipeline-github-lib.jpi : 1.0
INSTALLED plugins/workflow-step-api.jpi : 2.20
INSTALLED plugins/blueocean-events.jpi : 1.17.0
INSTALLED plugins/javadoc.jpi : 1.5
INSTALLED plugins/oic-auth.jpi : 1.6
INSTALLED plugins/antisamy-markup-formatter.jpi : 1.5
INSTALLED plugins/matrix-auth.jpi : 2.4.2
INSTALLED plugins/gitlab-oauth.jpi : 1.4
INSTALLED plugins/greenballs.jpi : 1.15
INSTALLED plugins/matrix-project.jpi : 1.14
INSTALLED plugins/url-auth-sso.jpi : 1.0
INSTALLED plugins/workflow-multibranch.jpi : 2.21
INSTALLED plugins/blueocean.jpi : 1.17.0
INSTALLED plugins/docker-workflow.jpi : 1.18
INSTALLED plugins/resource-disposer.jpi : 0.12
INSTALLED jenkins.install.UpgradeWizard.state
INSTALLED jenkins.install.InstallUtil.lastExecVersion
